2023.12.04 16:02:55 INFO  Started: Metals version 1.1.0 in folders '/Users/mingma/quickcheck' for client Visual Studio Code 1.84.2.
2023.12.04 16:02:58 WARN  Build server is not auto-connectable.
2023.12.04 16:02:58 WARN  no build target for: /Users/mingma/quickcheck/src/main/scala/quickcheck/Heap.scala
2023.12.04 16:03:04 INFO  no build target found for /Users/mingma/quickcheck/src/main/scala/quickcheck/Heap.scala. Using presentation compiler with project's scala-library version: 3.3.1
2023.12.04 16:03:04 WARN  no build target for: /Users/mingma/quickcheck/src/test/scala/quickcheck/ArbitraryHeaps.scala
2023.12.04 16:03:08 INFO  time: code lens generation in 3.3s
2023.12.04 16:03:08 INFO  time: code lens generation in 10s
2023.12.04 16:03:11 INFO  running '/Library/Java/JavaVirtualMachines/adoptopenjdk-11.jdk/Contents/Home/bin/java -Djline.terminal=jline.UnsupportedTerminal -Dsbt.log.noformat=true -Dfile.encoding=UTF-8 -jar /var/folders/2k/yqztx7j11_70cvfdxc0p1bl80000gn/T/metals12733003880206210094/sbt-launch.jar -Dbloop.export-jar-classifiers=sources bloopInstall'
2023.12.04 16:03:11 WARN  no build target for: /Users/mingma/quickcheck/project/metals.sbt
2023.12.04 16:03:11 WARN  no build target for: /Users/mingma/quickcheck/project/project/metals.sbt
2023.12.04 16:03:11 INFO  skipping build import with status 'Started'
2023.12.04 16:03:13 INFO  [info] welcome to sbt 1.8.2 (AdoptOpenJDK Java 11.0.7)
2023.12.04 16:03:17 INFO  [info] loading settings for project quickcheck-build-build-build from metals.sbt ...
2023.12.04 16:03:18 INFO  [info] loading project definition from /Users/mingma/quickcheck/project/project/project
2023.12.04 16:03:21 INFO  [info] loading settings for project quickcheck-build-build from metals.sbt ...
2023.12.04 16:03:21 INFO  [info] loading project definition from /Users/mingma/quickcheck/project/project
2023.12.04 16:03:23 INFO  [success] Generated .bloop/quickcheck-build-build.json
2023.12.04 16:03:23 INFO  [success] Total time: 2 s, completed 4 Dec. 2023, 4:03:23 pm
2023.12.04 16:03:26 INFO  [info] loading settings for project quickcheck-build from buildSettings.sbt,metals.sbt,plugins.sbt ...
2023.12.04 16:03:26 INFO  [info] loading project definition from /Users/mingma/quickcheck/project
2023.12.04 16:03:27 INFO  [success] Generated .bloop/quickcheck-build.json
2023.12.04 16:03:27 INFO  [info] compiling 3 Scala sources to /Users/mingma/quickcheck/project/target/scala-2.12/sbt-1.0/classes ...
2023.12.04 16:03:34 INFO  [info] done compiling
2023.12.04 16:03:34 INFO  [success] Total time: 9 s, completed 4 Dec. 2023, 4:03:35 pm
2023.12.04 16:03:36 INFO  [info] loading settings for project quickcheck from assignment.sbt,build.sbt ...
2023.12.04 16:03:36 INFO  [info] set current project to effective-scala-quickcheck (in build file:/Users/mingma/quickcheck/)
2023.12.04 16:03:38 INFO  [success] Generated .bloop/quickcheck.json
2023.12.04 16:03:38 INFO  [success] Generated .bloop/quickcheck-test.json
2023.12.04 16:03:38 INFO  [success] Total time: 0 s, completed 4 Dec. 2023, 4:03:38 pm
2023.12.04 16:03:38 INFO  time: ran 'sbt bloopInstall' in 27s
2023.12.04 16:03:38 INFO  Attempting to connect to the build server...
2023.12.04 16:03:38 INFO  Bloop uses /Library/Java/JavaVirtualMachines/adoptopenjdk-11.jdk/Contents/Home defined at /Users/mingma/.bloop/bloop.json
2023.12.04 16:03:38 INFO  tracing is disabled for protocol BSP, to enable tracing of incoming and outgoing JSON messages create an empty file at /Users/mingma/quickcheck/.metals/bsp.trace.json or /Users/mingma/Library/Caches/org.scalameta.metals/bsp.trace.json
2023.12.04 16:03:38 INFO  Attempting to connect to the build server...
2023.12.04 16:03:38 INFO  Bloop uses /Library/Java/JavaVirtualMachines/adoptopenjdk-11.jdk/Contents/Home defined at /Users/mingma/.bloop/bloop.json
2023.12.04 16:03:38 INFO  Attempting to connect to the build server...
2023.12.04 16:03:38 INFO  Bloop uses /Library/Java/JavaVirtualMachines/adoptopenjdk-11.jdk/Contents/Home defined at /Users/mingma/.bloop/bloop.json
2023.12.04 16:03:38 INFO  tracing is disabled for protocol BSP, to enable tracing of incoming and outgoing JSON messages create an empty file at /Users/mingma/quickcheck/project/project/.metals/bsp.trace.json or /Users/mingma/Library/Caches/org.scalameta.metals/bsp.trace.json
2023.12.04 16:03:38 INFO  tracing is disabled for protocol BSP, to enable tracing of incoming and outgoing JSON messages create an empty file at /Users/mingma/quickcheck/project/.metals/bsp.trace.json or /Users/mingma/Library/Caches/org.scalameta.metals/bsp.trace.json
2023.12.04 16:03:38 INFO  time: Connected to build server in 0.42s
2023.12.04 16:03:38 INFO  Connected to Build server: Bloop v1.5.11
2023.12.04 16:03:47 INFO  time: indexed workspace in 8.17s
2023.12.04 16:03:47 INFO  compiling quickcheck (2 scala sources)
2023.12.04 16:03:50 INFO  time: compiled quickcheck in 3.21s
2023.12.04 16:03:50 INFO  compiling quickcheck-test (4 scala sources)
2023.12.04 16:03:50 INFO  time: compiled quickcheck-test in 880μs
2023.12.04 16:16:49 INFO  time: evaluated worksheet 'testHeap.worksheet.sc' in 4.92s
[31merror[39m: src/main/scala/quickcheck/testHeap.worksheet.sc:1:8: 
value HeapInterface is not a member of quickcheck - did you mean quickcheck.HeapInterface?
import quickcheck.HeapInterface._
       ^^^^^^^^^^^^^^^^^^^^^^^^
[31merror[39m: 
testHeap.worksheet.sc:8 (mdoc generated code) 
 Reference to $doc is ambiguous,
it is both defined in object MdocSession
and imported subsequently by import <error value HeapInterface is not a member of quickcheck - did you mean quickcheck.HeapInterface?>._
    $doc.endStatement();


[31merror[39m: 
testHeap.worksheet.sc:9 (mdoc generated code) 
 Reference to $doc is ambiguous,
it is both defined in object MdocSession
and imported subsequently by import <error value HeapInterface is not a member of quickcheck - did you mean quickcheck.HeapInterface?>._
    $doc.endSection();


2023.12.04 16:17:05 INFO  time: evaluated worksheet 'testHeap.worksheet.sc' in 0.49s
2023.12.04 16:17:25 INFO  time: evaluated worksheet 'testHeap.worksheet.sc' in 0.66s
2023.12.04 16:17:35 INFO  time: evaluated worksheet 'testHeap.worksheet.sc' in 0.45s
[31merror[39m: src/main/scala/quickcheck/testHeap.worksheet.sc:1:19: 
value _2 is not a member of quickcheck
import quickcheck._2
                  ^^
2023.12.04 16:18:00 INFO  time: evaluated worksheet 'testHeap.worksheet.sc' in 0.53s
[31merror[39m: src/main/scala/quickcheck/testHeap.worksheet.sc:1:19: 
value _2 is not a member of quickcheck
import quickcheck._2
                  ^^
2023.12.04 16:18:11 INFO  time: evaluated worksheet 'testHeap.worksheet.sc' in 0.42s
[31merror[39m: src/main/scala/quickcheck/testHeap.worksheet.sc:1:19: 
value _2 is not a member of quickcheck
import quickcheck._2
                  ^^
[31merror[39m: src/main/scala/quickcheck/testHeap.worksheet.sc:3:10: 
value empty is not a member of object quickcheck.BinomialHeap
val h1 = quickcheck.BinomialHeap.empty
         ^^^^^^^^^^^^^^^^^^^^^^^^^^^^^
2023.12.04 16:18:14 INFO  time: evaluated worksheet 'testHeap.worksheet.sc' in 0.29s
[31merror[39m: src/main/scala/quickcheck/testHeap.worksheet.sc:3:10: 
value empty is not a member of object quickcheck.BinomialHeap
val h1 = quickcheck.BinomialHeap.empty
         ^^^^^^^^^^^^^^^^^^^^^^^^^^^^^
2023.12.04 16:18:19 INFO  time: evaluated worksheet 'testHeap.worksheet.sc' in 0.3s
[31merror[39m: src/main/scala/quickcheck/testHeap.worksheet.sc:3:10: 
value empty is not a member of object quickcheck.BinomialHeap
val h1 = quickcheck.BinomialHeap.empty
         ^^^^^^^^^^^^^^^^^^^^^^^^^^^^^
2023.12.04 16:18:56 INFO  time: evaluated worksheet 'testHeap.worksheet.sc' in 0.18s
[31merror[39m: src/main/scala/quickcheck/testHeap.worksheet.sc:3:10: 
Not found: empty
val h1 = empty
         ^^^^^
2023.12.04 16:19:01 INFO  time: evaluated worksheet 'testHeap.worksheet.sc' in 0.15s
2023.12.04 16:19:02 WARN  Using indexes to guess the definition of empty
[31merror[39m: src/main/scala/quickcheck/testHeap.worksheet.sc:3:10: 
Not found: empty
val h1 = empty
         ^^^^^
2023.12.04 16:19:23 INFO  time: evaluated worksheet 'testHeap.worksheet.sc' in 0.26s
[31merror[39m: src/main/scala/quickcheck/testHeap.worksheet.sc:3:10: 
Not found: empty
val h1 = empty
         ^^^^^
2023.12.04 16:19:30 INFO  time: evaluated worksheet 'testHeap.worksheet.sc' in 0.35s
[31merror[39m: src/main/scala/quickcheck/testHeap.worksheet.sc:3:10: 
Not found: heapInterface
  import heapInterface.*
         ^^^^^^^^^^^^^
[31merror[39m: 
testHeap.worksheet.sc:11 (mdoc generated code) 
 Reference to $doc is ambiguous,
it is both defined in object MdocSession
and imported subsequently by import <error Not found: heapInterface>._
    $doc.endStatement();


[31merror[39m: 
testHeap.worksheet.sc:12 (mdoc generated code) 
 Reference to $doc is ambiguous,
it is both defined in object MdocSession
and imported subsequently by import <error Not found: heapInterface>._
    $doc.endSection();


2023.12.04 16:19:33 INFO  time: evaluated worksheet 'testHeap.worksheet.sc' in 0.14s
[31merror[39m: src/main/scala/quickcheck/testHeap.worksheet.sc:1:8: 
Not found: heapInterface
import heapInterface.*
       ^^^^^^^^^^^^^
[31merror[39m: 
testHeap.worksheet.sc:8 (mdoc generated code) 
 Reference to $doc is ambiguous,
it is both defined in object MdocSession
and imported subsequently by import <error Not found: heapInterface>._
    $doc.endStatement();


[31merror[39m: 
testHeap.worksheet.sc:9 (mdoc generated code) 
 Reference to $doc is ambiguous,
it is both defined in object MdocSession
and imported subsequently by import <error Not found: heapInterface>._
    $doc.endSection();


2023.12.04 16:19:40 INFO  time: evaluated worksheet 'testHeap.worksheet.sc' in 0.12s
2023.12.04 16:20:07 INFO  time: evaluated worksheet 'testHeap.worksheet.sc' in 0.35s
[31merror[39m: src/main/scala/quickcheck/testHeap.worksheet.sc:3:10: 
Not found: empty
val h1 = empty
         ^^^^^
2023.12.04 16:20:15 INFO  time: evaluated worksheet 'testHeap.worksheet.sc' in 0.15s
[31merror[39m: src/main/scala/quickcheck/testHeap.worksheet.sc:3:10: 
Not found: empty
val h1 = empty
         ^^^^^
2023.12.04 16:20:34 INFO  time: evaluated worksheet 'testHeap.worksheet.sc' in 0.17s
2023.12.04 16:20:43 WARN  Using indexes to guess the definition of heapInterface
[31merror[39m: src/main/scala/quickcheck/testHeap.worksheet.sc:1:19: 
value heapInterface is not a member of quickcheck - did you mean quickcheck.HeapInterface?
import quickcheck.heapInterface
                  ^^^^^^^^^^^^^
[31merror[39m: src/main/scala/quickcheck/testHeap.worksheet.sc:3:10: 
Not found: empty
val h1 = empty
         ^^^^^
2023.12.04 16:20:43 INFO  time: evaluated worksheet 'testHeap.worksheet.sc' in 0.19s
2023.12.04 16:20:48 WARN  Using indexes to guess the definition of heapInterface
[31merror[39m: src/main/scala/quickcheck/testHeap.worksheet.sc:2:1: . expected but \n\n found

^
2023.12.04 16:20:49 WARN  Using indexes to guess the definition of heapInterface
2023.12.04 16:20:49 INFO  time: evaluated worksheet 'testHeap.worksheet.sc' in 0.43s
[31merror[39m: src/main/scala/quickcheck/testHeap.worksheet.sc:2:1: . expected but \n\n found

^
2023.12.04 16:20:53 INFO  time: evaluated worksheet 'testHeap.worksheet.sc' in 0.41s
[31merror[39m: src/main/scala/quickcheck/testHeap.worksheet.sc:1:8: 
Not found: heapInterface
import heapInterface.*
       ^^^^^^^^^^^^^
[31merror[39m: 
testHeap.worksheet.sc:8 (mdoc generated code) 
 Reference to $doc is ambiguous,
it is both defined in object MdocSession
and imported subsequently by import <error Not found: heapInterface>._
    $doc.endStatement();


[31merror[39m: 
testHeap.worksheet.sc:9 (mdoc generated code) 
 Reference to $doc is ambiguous,
it is both defined in object MdocSession
and imported subsequently by import <error Not found: heapInterface>._
    $doc.startStatement(2, 0, 2, 14);


[31merror[39m: 
testHeap.worksheet.sc:11 (mdoc generated code) 
 Reference to $doc is ambiguous,
it is both defined in object MdocSession
and imported subsequently by import <error Not found: heapInterface>._
    $doc.binder(h1, 2, 4, 2, 6);


[31merror[39m: 
testHeap.worksheet.sc:12 (mdoc generated code) 
 Reference to $doc is ambiguous,
it is both defined in object MdocSession
and imported subsequently by import <error Not found: heapInterface>._
    $doc.endStatement();


[31merror[39m: 
testHeap.worksheet.sc:13 (mdoc generated code) 
 Reference to $doc is ambiguous,
it is both defined in object MdocSession
and imported subsequently by import <error Not found: heapInterface>._
    $doc.endSection();


2023.12.04 16:21:01 INFO  time: evaluated worksheet 'testHeap.worksheet.sc' in 0.12s
2023.12.04 16:21:01 WARN  Using indexes to guess the definition of heapInterface
[31merror[39m: src/main/scala/quickcheck/testHeap.worksheet.sc:2:1: . expected but \n\n found

^
2023.12.04 16:21:05 INFO  time: evaluated worksheet 'testHeap.worksheet.sc' in 0.35s
[31merror[39m: 
testHeap.worksheet.sc:8 (mdoc generated code) 
 this kind of statement is not allowed here
      package heapInterface


[31merror[39m: 
testHeap.worksheet.sc:11 (mdoc generated code) 
 '}' expected, but unindent found
    $doc.binder(res0, 0, 0, 2, 14);


[31merror[39m: src/main/scala/quickcheck/testHeap.worksheet.sc:3:10: 
Not found: empty
val h1 = empty
         ^^^^^
2023.12.04 16:21:15 INFO  time: evaluated worksheet 'testHeap.worksheet.sc' in 0.16s
[31merror[39m: 
testHeap.worksheet.sc:8 (mdoc generated code) 
 this kind of statement is not allowed here
      package quickcheck


[31merror[39m: 
testHeap.worksheet.sc:11 (mdoc generated code) 
 '}' expected, but unindent found
    $doc.binder(res0, 0, 0, 2, 14);


[31merror[39m: src/main/scala/quickcheck/testHeap.worksheet.sc:3:10: 
Not found: empty
val h1 = empty
         ^^^^^
2023.12.04 16:21:19 INFO  time: evaluated worksheet 'testHeap.worksheet.sc' in 0.11s
[31merror[39m: 
testHeap.worksheet.sc:8 (mdoc generated code) 
 this kind of statement is not allowed here
      package quickcheck


[31merror[39m: 
testHeap.worksheet.sc:11 (mdoc generated code) 
 '}' expected, but unindent found
    $doc.binder(res0, 0, 0, 2, 14);


[31merror[39m: src/main/scala/quickcheck/testHeap.worksheet.sc:3:10: 
Not found: empty
val h1 = empty
         ^^^^^
2023.12.04 16:21:19 INFO  time: evaluated worksheet 'testHeap.worksheet.sc' in 0.1s
2023.12.04 16:22:48 WARN  no build target for: /Users/mingma/quickcheck/src/testHeap.worksheet.sc
[31merror[39m: src/testHeap.worksheet.sc:3:24: identifier expected but end of file found
val h1 = heapInterface.
                       ^
2023.12.04 16:22:49 INFO  time: evaluated worksheet 'testHeap.worksheet.sc' in 0.63s
2023.12.04 16:22:53 WARN  no build target for: /Users/mingma/quickcheck/src/testHeap.worksheet.sc
[31merror[39m: src/testHeap.worksheet.sc:3:24: identifier expected but end of file found
val h1 = heapInterface.
                       ^
2023.12.04 16:22:53 INFO  time: evaluated worksheet 'testHeap.worksheet.sc' in 0.4s
2023.12.04 16:22:55 INFO  no build target found for /Users/mingma/quickcheck/src/testHeap.worksheet.sc. Using presentation compiler with project's scala-library version: 3.3.0
2023.12.04 16:23:26 WARN  no build target for: /Users/mingma/quickcheck/src/testHeap.worksheet.sc
[31merror[39m: src/testHeap.worksheet.sc:2:1: . expected but \n\n found

^
2023.12.04 16:23:26 INFO  time: evaluated worksheet 'testHeap.worksheet.sc' in 0.26s
2023.12.04 16:23:33 WARN  Using indexes to guess the definition of HeapInterface
2023.12.04 16:23:34 WARN  Using indexes to guess the definition of HeapInterface
2023.12.04 16:23:38 WARN  no build target for: /Users/mingma/quickcheck/src/testHeap.worksheet.sc
[31merror[39m: src/testHeap.worksheet.sc:3:24: identifier expected but end of file found
val h1 = heapInterface.
                       ^
2023.12.04 16:23:38 INFO  time: evaluated worksheet 'testHeap.worksheet.sc' in 0.23s
Dec. 04, 2023 4:23:43 PM org.eclipse.lsp4j.jsonrpc.RemoteEndpoint handleCancellation
WARNING: Unmatched cancel notification for request id 1097
2023.12.04 16:23:44 WARN  no build target for: /Users/mingma/quickcheck/src/testHeap.worksheet.sc
[31merror[39m: src/testHeap.worksheet.sc:1:8: 
Not found: HeapInterface
import HeapInterface._
       ^^^^^^^^^^^^^
[31merror[39m: 
testHeap.worksheet.sc:8 (mdoc generated code) 
 Reference to $doc is ambiguous,
it is both defined in object MdocSession
and imported subsequently by import <error Not found: HeapInterface>._
    $doc.endStatement();


[31merror[39m: 
testHeap.worksheet.sc:9 (mdoc generated code) 
 Reference to $doc is ambiguous,
it is both defined in object MdocSession
and imported subsequently by import <error Not found: HeapInterface>._
    $doc.startStatement(2, 0, 2, 14);


[31merror[39m: 
testHeap.worksheet.sc:11 (mdoc generated code) 
 Reference to $doc is ambiguous,
it is both defined in object MdocSession
and imported subsequently by import <error Not found: HeapInterface>._
    $doc.binder(h1, 2, 4, 2, 6);


[31merror[39m: 
testHeap.worksheet.sc:12 (mdoc generated code) 
 Reference to $doc is ambiguous,
it is both defined in object MdocSession
and imported subsequently by import <error Not found: HeapInterface>._
    $doc.endStatement();


[31merror[39m: 
testHeap.worksheet.sc:13 (mdoc generated code) 
 Reference to $doc is ambiguous,
it is both defined in object MdocSession
and imported subsequently by import <error Not found: HeapInterface>._
    $doc.endSection();


2023.12.04 16:23:45 INFO  time: evaluated worksheet 'testHeap.worksheet.sc' in 0.15s
2023.12.04 16:23:49 WARN  no build target for: /Users/mingma/quickcheck/src/testHeap.worksheet.sc
[31merror[39m: src/testHeap.worksheet.sc:3:16: identifier expected but end of file found
val h1 = empty.
               ^
2023.12.04 16:23:49 INFO  time: evaluated worksheet 'testHeap.worksheet.sc' in 0.27s
2023.12.04 16:23:50 WARN  Using indexes to guess the definition of empty
2023.12.04 16:25:21 WARN  Using indexes to guess the definition of insert
2023.12.04 16:25:22 WARN  no build target for: /Users/mingma/quickcheck/src/testHeap.worksheet.sc
[31merror[39m: src/testHeap.worksheet.sc:1:8: 
Not found: HeapInterface
import HeapInterface._
       ^^^^^^^^^^^^^
[31merror[39m: 
testHeap.worksheet.sc:8 (mdoc generated code) 
 Reference to $doc is ambiguous,
it is both defined in object MdocSession
and imported subsequently by import <error Not found: HeapInterface>._
    $doc.endStatement();


[31merror[39m: 
testHeap.worksheet.sc:9 (mdoc generated code) 
 Reference to $doc is ambiguous,
it is both defined in object MdocSession
and imported subsequently by import <error Not found: HeapInterface>._
    $doc.startStatement(2, 0, 2, 26);


[31merror[39m: 
testHeap.worksheet.sc:11 (mdoc generated code) 
 Reference to $doc is ambiguous,
it is both defined in object MdocSession
and imported subsequently by import <error Not found: HeapInterface>._
    $doc.binder(h1, 2, 4, 2, 6);


[31merror[39m: 
testHeap.worksheet.sc:12 (mdoc generated code) 
 Reference to $doc is ambiguous,
it is both defined in object MdocSession
and imported subsequently by import <error Not found: HeapInterface>._
    $doc.endStatement();


[31merror[39m: 
testHeap.worksheet.sc:13 (mdoc generated code) 
 Reference to $doc is ambiguous,
it is both defined in object MdocSession
and imported subsequently by import <error Not found: HeapInterface>._
    $doc.endSection();


2023.12.04 16:25:22 INFO  time: evaluated worksheet 'testHeap.worksheet.sc' in 0.15s
2023.12.04 16:25:22 WARN  Using indexes to guess the definition of insert
2023.12.04 16:25:32 WARN  no build target for: /Users/mingma/quickcheck/src/testHeap.worksheet.sc
[31merror[39m: src/testHeap.worksheet.sc:3:10: 
Not found: insert
val h1 = insert(x1, empty)
         ^^^^^^
[31merror[39m: src/testHeap.worksheet.sc:3:17: 
Not found: x1
val h1 = insert(x1, empty)
                ^^
[31merror[39m: src/testHeap.worksheet.sc:3:21: 
Not found: empty
val h1 = insert(x1, empty)
                    ^^^^^
2023.12.04 16:25:32 INFO  time: evaluated worksheet 'testHeap.worksheet.sc' in 0.13s
[31merror[39m: src/main/scala/quickcheck/testHeap.worksheet.sc:3:10: 
Not found: insert
val h1 = insert(x1, empty)
         ^^^^^^
[31merror[39m: src/main/scala/quickcheck/testHeap.worksheet.sc:3:17: 
Not found: x1
val h1 = insert(x1, empty)
                ^^
[31merror[39m: src/main/scala/quickcheck/testHeap.worksheet.sc:3:21: 
Not found: empty
val h1 = insert(x1, empty)
                    ^^^^^
2023.12.04 16:27:56 INFO  time: evaluated worksheet 'testHeap.worksheet.sc' in 0.69s
[31merror[39m: src/main/scala/quickcheck/testHeap.worksheet.sc:3:10: 
Not found: insert
val h1 = insert(x1, empty)
         ^^^^^^
[31merror[39m: src/main/scala/quickcheck/testHeap.worksheet.sc:3:17: 
Not found: x1
val h1 = insert(x1, empty)
                ^^
[31merror[39m: src/main/scala/quickcheck/testHeap.worksheet.sc:3:21: 
Not found: empty
val h1 = insert(x1, empty)
                    ^^^^^
2023.12.04 16:27:56 INFO  time: evaluated worksheet 'testHeap.worksheet.sc' in 0.41s
2023.12.04 16:28:02 WARN  Using indexes to guess the definition of insert
[31merror[39m: src/main/scala/quickcheck/testHeap.worksheet.sc:3:10: 
Not found: insert
val h1 = insert(x1, empty)
         ^^^^^^
[31merror[39m: src/main/scala/quickcheck/testHeap.worksheet.sc:3:17: 
Not found: x1
val h1 = insert(x1, empty)
                ^^
[31merror[39m: src/main/scala/quickcheck/testHeap.worksheet.sc:3:21: 
Not found: empty
val h1 = insert(x1, empty)
                    ^^^^^
2023.12.04 16:28:02 INFO  time: evaluated worksheet 'testHeap.worksheet.sc' in 0.18s
[31merror[39m: src/main/scala/quickcheck/testHeap.worksheet.sc:3:10: 
Not found: insert
val h1 = insert(x1, empty)
         ^^^^^^
[31merror[39m: src/main/scala/quickcheck/testHeap.worksheet.sc:3:17: 
Not found: x1
val h1 = insert(x1, empty)
                ^^
[31merror[39m: src/main/scala/quickcheck/testHeap.worksheet.sc:3:21: 
Not found: empty
val h1 = insert(x1, empty)
                    ^^^^^
2023.12.04 16:29:37 INFO  time: evaluated worksheet 'testHeap.worksheet.sc' in 0.16s
[31merror[39m: src/main/scala/quickcheck/testHeap.worksheet.sc:3:10: illegal start of simple expression
val h1 = 
         ^
2023.12.04 16:29:57 INFO  time: evaluated worksheet 'testHeap.worksheet.sc' in 0.53s
[31merror[39m: src/main/scala/quickcheck/testHeap.worksheet.sc:3:10: illegal start of simple expression
val h1 = 
         ^
2023.12.04 16:30:31 INFO  time: evaluated worksheet 'testHeap.worksheet.sc' in 0.28s
[31merror[39m: src/main/scala/quickcheck/testHeap.worksheet.sc:3:10: illegal start of simple expression
val h1 = 
         ^
2023.12.04 16:31:06 INFO  time: evaluated worksheet 'testHeap.worksheet.sc' in 0.33s
[31merror[39m: src/main/scala/quickcheck/testHeap.worksheet.sc:3:10: illegal start of simple expression
val h1 = 
         ^
2023.12.04 16:31:16 INFO  time: evaluated worksheet 'testHeap.worksheet.sc' in 0.27s
[31merror[39m: src/main/scala/quickcheck/testHeap.worksheet.sc:3:10: illegal start of simple expression
val h1 = 
         ^
2023.12.04 16:31:25 INFO  time: evaluated worksheet 'testHeap.worksheet.sc' in 0.37s
[31merror[39m: src/main/scala/quickcheck/testHeap.worksheet.sc:3:10: illegal start of simple expression
val h1 = 
         ^
2023.12.04 16:31:39 INFO  time: evaluated worksheet 'testHeap.worksheet.sc' in 0.29s
[31merror[39m: src/main/scala/quickcheck/testHeap.worksheet.sc:3:23: identifier expected but end of file found
val h1 = BinomialHeap.
                      ^
2023.12.04 16:31:50 INFO  time: evaluated worksheet 'testHeap.worksheet.sc' in 0.26s
[31merror[39m: src/main/scala/quickcheck/testHeap.worksheet.sc:3:23: identifier expected but end of file found
val h1 = BinomialHeap.
                      ^
2023.12.04 16:32:17 INFO  time: evaluated worksheet 'testHeap.worksheet.sc' in 0.4s
[31merror[39m: src/main/scala/quickcheck/testHeap.worksheet.sc:3:23: identifier expected but end of file found
val h1 = BinomialHeap.
                      ^
2023.12.04 16:32:23 INFO  time: evaluated worksheet 'testHeap.worksheet.sc' in 0.43s
[31merror[39m: src/main/scala/quickcheck/testHeap.worksheet.sc:3:10: 
constructor proxy object BinomialHeap cannot be used as a value
val h1 = BinomialHeap
         ^^^^^^^^^^^^
2023.12.04 16:32:25 INFO  time: evaluated worksheet 'testHeap.worksheet.sc' in 0.14s
[31merror[39m: src/main/scala/quickcheck/testHeap.worksheet.sc:3:10: 
constructor proxy object BinomialHeap cannot be used as a value
val h1 = BinomialHeap
         ^^^^^^^^^^^^
2023.12.04 16:33:40 INFO  time: evaluated worksheet 'testHeap.worksheet.sc' in 0.15s
2023.12.04 16:33:47 INFO  time: evaluated worksheet 'testHeap.worksheet.sc' in 1.03s
2023.12.04 16:33:58 INFO  time: evaluated worksheet 'testHeap.worksheet.sc' in 0.56s
2023.12.04 16:34:12 INFO  time: evaluated worksheet 'testHeap.worksheet.sc' in 0.45s
[31merror[39m: src/main/scala/quickcheck/testHeap.worksheet.sc:5:7: = expected but . found
val h3.
      ^
2023.12.04 16:34:29 INFO  time: evaluated worksheet 'testHeap.worksheet.sc' in 0.33s
[31merror[39m: src/main/scala/quickcheck/testHeap.worksheet.sc:5:7: = expected but . found
val h3.
      ^
2023.12.04 16:34:34 INFO  time: evaluated worksheet 'testHeap.worksheet.sc' in 0.38s
[31merror[39m: src/main/scala/quickcheck/testHeap.worksheet.sc:5:20: = expected but end of file found
val h1.insert(1,h2)
                   ^
2023.12.04 16:34:52 INFO  time: evaluated worksheet 'testHeap.worksheet.sc' in 0.27s
[31merror[39m: src/main/scala/quickcheck/testHeap.worksheet.sc:4:10: 
Not found: h1
val h2 = h1.empty
         ^^
[31merror[39m: src/main/scala/quickcheck/testHeap.worksheet.sc:5:10: 
Not found: h1
val h3 = h1.insert(1,h2)
         ^^
2023.12.04 16:35:03 INFO  time: evaluated worksheet 'testHeap.worksheet.sc' in 0.14s
2023.12.04 16:35:03 WARN  Using indexes to guess the definition of insert
2023.12.04 16:35:17 INFO  time: evaluated worksheet 'testHeap.worksheet.sc' in 0.65s
2023.12.04 16:35:34 INFO  time: evaluated worksheet 'testHeap.worksheet.sc' in 0.41s
2023.12.04 16:35:50 INFO  time: evaluated worksheet 'testHeap.worksheet.sc' in 0.55s
Dec. 04, 2023 4:37:46 PM org.eclipse.lsp4j.jsonrpc.RemoteEndpoint handleCancellation
WARNING: Unmatched cancel notification for request id 2206
[31merror[39m: src/main/scala/quickcheck/testHeap.worksheet.sc:5:10: 
value insert is not a member of List[MdocApp.this.h.Node] - did you mean he.init?
val h5 = he.insert(5,he)
         ^^^^^^^^^
[31merror[39m: src/main/scala/quickcheck/testHeap.worksheet.sc:6:10: 
value insert is not a member of List[MdocApp.this.h.Node] - did you mean he.init?
val h3 = he.insert(3,he)
         ^^^^^^^^^
2023.12.04 16:38:07 INFO  time: evaluated worksheet 'testHeap.worksheet.sc' in 0.24s
[31merror[39m: src/main/scala/quickcheck/testHeap.worksheet.sc:6:10: 
value insert is not a member of List[MdocApp.this.h.Node] - did you mean he.init?
val h3 = he.insert(3,he)
         ^^^^^^^^^
2023.12.04 16:38:22 INFO  time: evaluated worksheet 'testHeap.worksheet.sc' in 0.31s
2023.12.04 16:38:27 INFO  time: evaluated worksheet 'testHeap.worksheet.sc' in 0.57s
2023.12.04 16:38:49 INFO  time: evaluated worksheet 'testHeap.worksheet.sc' in 0.35s
[31merror[39m: src/main/scala/quickcheck/testHeap.worksheet.sc:8:5: 
Double definition:
val h: quickcheck.BinomialHeap in class MdocApp at line 10 and
val h: quickcheck.BinomialHeap in class MdocApp at line 26

val h = BinomialHeap()
    ^
[31merror[39m: src/main/scala/quickcheck/testHeap.worksheet.sc:9:5: 
Double definition:
val he: List[MdocApp.this.h.Node] in class MdocApp at line 14 and
val he: List[MdocApp.this.h.Node] in class MdocApp at line 30

val he = h.empty
    ^
2023.12.04 16:39:28 INFO  time: evaluated worksheet 'testHeap.worksheet.sc' in 0.34s
[31merror[39m: src/main/scala/quickcheck/testHeap.worksheet.sc:8:5: 
Double definition:
val h: quickcheck.BinomialHeap in class MdocApp at line 10 and
val h: quickcheck.BinomialHeap in class MdocApp at line 26

val h = BinomialHeap()
    ^
[31merror[39m: src/main/scala/quickcheck/testHeap.worksheet.sc:9:5: 
Double definition:
val he: List[MdocApp.this.h.Node] in class MdocApp at line 14 and
val he: List[MdocApp.this.h.Node] in class MdocApp at line 30

val he = h.empty
    ^
2023.12.04 16:39:28 INFO  time: evaluated worksheet 'testHeap.worksheet.sc' in 0.31s
2023.12.04 16:39:34 INFO  time: evaluated worksheet 'testHeap.worksheet.sc' in 0.51s
2023.12.04 16:39:34 INFO  time: evaluated worksheet 'testHeap.worksheet.sc' in 0.54s
2023.12.04 16:39:42 INFO  time: evaluated worksheet 'testHeap.worksheet.sc' in 0.45s
2023.12.04 16:40:02 INFO  time: evaluated worksheet 'testHeap.worksheet.sc' in 0.64s
2023.12.04 16:40:08 INFO  time: evaluated worksheet 'testHeap.worksheet.sc' in 0.47s
2023.12.04 16:41:51 INFO  time: evaluated worksheet 'testHeap.worksheet.sc' in 0.46s
2023.12.04 16:42:30 INFO  time: evaluated worksheet 'testHeap.worksheet.sc' in 0.61s
2023.12.04 16:42:52 INFO  time: evaluated worksheet 'testHeap.worksheet.sc' in 0.56s
2023.12.04 16:43:19 INFO  time: evaluated worksheet 'testHeap.worksheet.sc' in 0.61s
[31merror[39m: src/main/scala/quickcheck/testHeap.worksheet.sc:5:10: 
value insert is not a member of List[quickcheck.BinomialHeap#Node] - did you mean h.init?
val h5 = h.insert(5,h)
         ^^^^^^^^
[31merror[39m: src/main/scala/quickcheck/testHeap.worksheet.sc:6:10: 
value insert is not a member of List[quickcheck.BinomialHeap#Node] - did you mean h.init?
val h3 = h.insert(3,h5)
         ^^^^^^^^
[31merror[39m: src/main/scala/quickcheck/testHeap.worksheet.sc:10:10: 
value insert is not a member of List[quickcheck.BinomialHeap#Node] - did you mean h.init?
val h2 = h.insert(2,hhe)
         ^^^^^^^^
[31merror[39m: src/main/scala/quickcheck/testHeap.worksheet.sc:11:10: 
value insert is not a member of List[quickcheck.BinomialHeap#Node] - did you mean h.init?
val h4 = h.insert(4,h2)
         ^^^^^^^^
2023.12.04 16:43:53 INFO  time: evaluated worksheet 'testHeap.worksheet.sc' in 0.34s
[31merror[39m: src/main/scala/quickcheck/testHeap.worksheet.sc:5:10: 
value insert is not a member of List[quickcheck.BinomialHeap#Node] - did you mean h.init?
val h5 = h.insert(5,h)
         ^^^^^^^^
[31merror[39m: src/main/scala/quickcheck/testHeap.worksheet.sc:6:10: 
value insert is not a member of List[quickcheck.BinomialHeap#Node] - did you mean h.init?
val h3 = h.insert(3,h5)
         ^^^^^^^^
[31merror[39m: src/main/scala/quickcheck/testHeap.worksheet.sc:10:10: 
value insert is not a member of List[quickcheck.BinomialHeap#Node] - did you mean h.init?
val h2 = h.insert(2,hhe)
         ^^^^^^^^
[31merror[39m: src/main/scala/quickcheck/testHeap.worksheet.sc:11:10: 
value insert is not a member of List[quickcheck.BinomialHeap#Node] - did you mean h.init?
val h4 = h.insert(4,h2)
         ^^^^^^^^
2023.12.04 16:43:54 INFO  time: evaluated worksheet 'testHeap.worksheet.sc' in 0.33s
[31merror[39m: src/main/scala/quickcheck/testHeap.worksheet.sc:5:10: 
value insert is not a member of List[quickcheck.BinomialHeap#Node] - did you mean h.init?
val h5 = h.insert(5,h)
         ^^^^^^^^
[31merror[39m: src/main/scala/quickcheck/testHeap.worksheet.sc:6:10: 
value insert is not a member of List[quickcheck.BinomialHeap#Node] - did you mean h.init?
val h3 = h.insert(3,h5)
         ^^^^^^^^
[31merror[39m: src/main/scala/quickcheck/testHeap.worksheet.sc:10:10: 
value insert is not a member of List[quickcheck.BinomialHeap#Node] - did you mean h.init?
val h2 = h.insert(2,hhe)
         ^^^^^^^^
[31merror[39m: src/main/scala/quickcheck/testHeap.worksheet.sc:11:10: 
value insert is not a member of List[quickcheck.BinomialHeap#Node] - did you mean h.init?
val h4 = h.insert(4,h2)
         ^^^^^^^^
2023.12.04 16:43:54 INFO  time: evaluated worksheet 'testHeap.worksheet.sc' in 0.28s
[31merror[39m: src/main/scala/quickcheck/testHeap.worksheet.sc:5:10: 
value insert is not a member of List[quickcheck.BinomialHeap#Node] - did you mean h.init?
val h5 = h.insert(5,h)
         ^^^^^^^^
[31merror[39m: src/main/scala/quickcheck/testHeap.worksheet.sc:10:10: 
value insert is not a member of List[quickcheck.BinomialHeap#Node] - did you mean h.init?
val h2 = h.insert(2,hhe)
         ^^^^^^^^
[31merror[39m: src/main/scala/quickcheck/testHeap.worksheet.sc:11:10: 
value insert is not a member of List[quickcheck.BinomialHeap#Node] - did you mean h.init?
val h4 = h.insert(4,h2)
         ^^^^^^^^
2023.12.04 16:43:59 INFO  time: evaluated worksheet 'testHeap.worksheet.sc' in 0.27s
[31merror[39m: src/main/scala/quickcheck/testHeap.worksheet.sc:5:10: 
value insert is not a member of List[quickcheck.BinomialHeap#Node] - did you mean h.init?
val h5 = h.insert(5,h)
         ^^^^^^^^
2023.12.04 16:44:03 INFO  time: evaluated worksheet 'testHeap.worksheet.sc' in 0.15s
2023.12.04 16:44:11 INFO  time: evaluated worksheet 'testHeap.worksheet.sc' in 0.43s
[31merror[39m: src/main/scala/quickcheck/testHeap.worksheet.sc:5:10: 
Not found: insert
val h5 = insert(5,h)
         ^^^^^^
2023.12.04 16:44:23 INFO  time: evaluated worksheet 'testHeap.worksheet.sc' in 0.24s
2023.12.04 16:44:23 WARN  Using indexes to guess the definition of insert
[31merror[39m: src/main/scala/quickcheck/testHeap.worksheet.sc:5:10: 
value insert is not a member of List[quickcheck.BinomialHeap#Node] - did you mean h.init?
val h5 = h.insert(5,h)
         ^^^^^^^^
2023.12.04 16:44:32 INFO  time: evaluated worksheet 'testHeap.worksheet.sc' in 0.21s
[31merror[39m: src/main/scala/quickcheck/testHeap.worksheet.sc:5:10: 
value insert is not a member of List[quickcheck.BinomialHeap#Node] - did you mean h.init?
val h5 = h.insert(5)
         ^^^^^^^^
2023.12.04 16:44:34 INFO  time: evaluated worksheet 'testHeap.worksheet.sc' in 0.14s
[31merror[39m: src/main/scala/quickcheck/testHeap.worksheet.sc:5:10: 
value insert is not a member of List[quickcheck.BinomialHeap#Node] - did you mean h.init?
val h5 = h.insert(5)
         ^^^^^^^^
2023.12.04 16:44:42 INFO  time: evaluated worksheet 'testHeap.worksheet.sc' in 0.18s
[31merror[39m: src/main/scala/quickcheck/testHeap.worksheet.sc:5:10: 
value insert is not a member of List[quickcheck.BinomialHeap#Node] - did you mean h.init?
val h5 = h.insert(5,h)
         ^^^^^^^^
2023.12.04 16:45:09 INFO  time: evaluated worksheet 'testHeap.worksheet.sc' in 0.25s
2023.12.04 16:45:21 INFO  time: evaluated worksheet 'testHeap.worksheet.sc' in 0.4s
Dec. 04, 2023 4:45:45 PM org.eclipse.lsp4j.jsonrpc.RemoteEndpoint handleCancellation
WARNING: Unmatched cancel notification for request id 2907
2023.12.04 16:45:45 INFO  time: evaluated worksheet 'testHeap.worksheet.sc' in 0.64s
2023.12.04 16:46:05 INFO  time: evaluated worksheet 'testHeap.worksheet.sc' in 0.59s
2023.12.04 16:56:10 INFO  time: evaluated worksheet 'testHeap.worksheet.sc' in 0.7s
2023.12.04 16:56:24 INFO  time: evaluated worksheet 'testHeap.worksheet.sc' in 0.51s
2023.12.04 16:56:37 INFO  time: evaluated worksheet 'testHeap.worksheet.sc' in 0.47s
2023.12.04 16:56:53 INFO  time: evaluated worksheet 'testHeap.worksheet.sc' in 0.46s
2023.12.04 16:57:26 INFO  time: evaluated worksheet 'testHeap.worksheet.sc' in 0.6s
2023.12.04 16:58:04 INFO  time: evaluated worksheet 'testHeap.worksheet.sc' in 0.56s
2023.12.04 16:58:13 INFO  time: evaluated worksheet 'testHeap.worksheet.sc' in 0.5s
2023.12.04 16:58:19 INFO  time: evaluated worksheet 'testHeap.worksheet.sc' in 0.48s
2023.12.04 16:58:26 INFO  time: evaluated worksheet 'testHeap.worksheet.sc' in 0.55s
Dec. 04, 2023 5:21:02 PM org.eclipse.lsp4j.jsonrpc.RemoteEndpoint handleCancellation
WARNING: Unmatched cancel notification for request id 3198
2023.12.04 17:21:03 INFO  time: evaluated worksheet 'testHeap.worksheet.sc' in 0.44s
2023.12.04 19:29:48 INFO  Shutting down server
2023.12.04 19:29:48 INFO  shutting down Metals
2023.12.04 19:29:48 INFO  Shut down connection with build server.
2023.12.04 19:29:48 INFO  Shut down connection with build server.
2023.12.04 19:29:48 INFO  Shut down connection with build server.
2023.12.04 19:29:48 INFO  Exiting server
2023.12.05 08:34:44 INFO  Started: Metals version 1.1.0 in folders '/Users/mingma/quickcheck' for client Visual Studio Code 1.84.2.
2023.12.05 08:34:46 INFO  Attempting to connect to the build server...
2023.12.05 08:34:46 INFO  Bloop uses /Library/Java/JavaVirtualMachines/adoptopenjdk-11.jdk/Contents/Home defined at /Users/mingma/.bloop/bloop.json
2023.12.05 08:34:46 INFO  skipping build import with status 'Installed'
2023.12.05 08:34:47 INFO  tracing is disabled for protocol BSP, to enable tracing of incoming and outgoing JSON messages create an empty file at /Users/mingma/quickcheck/.metals/bsp.trace.json or /Users/mingma/Library/Caches/org.scalameta.metals/bsp.trace.json
2023.12.05 08:34:47 INFO  Attempting to connect to the build server...
2023.12.05 08:34:47 INFO  Bloop uses /Library/Java/JavaVirtualMachines/adoptopenjdk-11.jdk/Contents/Home defined at /Users/mingma/.bloop/bloop.json
2023.12.05 08:34:47 INFO  Attempting to connect to the build server...
2023.12.05 08:34:47 INFO  Bloop uses /Library/Java/JavaVirtualMachines/adoptopenjdk-11.jdk/Contents/Home defined at /Users/mingma/.bloop/bloop.json
2023.12.05 08:34:47 INFO  tracing is disabled for protocol BSP, to enable tracing of incoming and outgoing JSON messages create an empty file at /Users/mingma/quickcheck/project/.metals/bsp.trace.json or /Users/mingma/Library/Caches/org.scalameta.metals/bsp.trace.json
2023.12.05 08:34:48 INFO  tracing is disabled for protocol BSP, to enable tracing of incoming and outgoing JSON messages create an empty file at /Users/mingma/quickcheck/project/project/.metals/bsp.trace.json or /Users/mingma/Library/Caches/org.scalameta.metals/bsp.trace.json
2023.12.05 08:34:47 INFO  time: Connected to build server in 1.4s
2023.12.05 08:34:47 INFO  Connected to Build server: Bloop v1.5.11
2023.12.05 08:34:55 INFO  no build target found for /Users/mingma/quickcheck/src/main/scala/quickcheck/Heap.scala. Using presentation compiler with project's scala-library version: 3.3.1
2023.12.05 08:34:56 INFO  time: Imported build in 0.11s
2023.12.05 08:35:01 INFO  time: indexed workspace in 5.63s
2023.12.05 08:36:24 INFO  compiling quickcheck (1 scala source)
2023.12.05 08:36:26 INFO  time: compiled quickcheck in 1.8s
2023.12.05 08:37:31 INFO  compiling quickcheck (1 scala source)
2023.12.05 08:37:31 INFO  time: compiled quickcheck in 0.91s
2023.12.05 08:40:07 INFO  tracing is disabled for protocol dap-server, to enable tracing of incoming and outgoing JSON messages create an empty file at /Users/mingma/quickcheck/.metals/dap-server.trace.json or /Users/mingma/Library/Caches/org.scalameta.metals/dap-server.trace.json
2023.12.05 08:40:07 INFO  tracing is disabled for protocol dap-client, to enable tracing of incoming and outgoing JSON messages create an empty file at /Users/mingma/quickcheck/.metals/dap-client.trace.json or /Users/mingma/Library/Caches/org.scalameta.metals/dap-client.trace.json
2023.12.05 08:40:07 INFO  Starting debug proxy for [quickcheck.QuickCheckSuite()]
2023.12.05 08:40:07 INFO  Trying to attach to remote debuggee VM localhost:54934 .
2023.12.05 08:40:07 INFO  Attaching to debuggee VM succeeded.
2023.12.05 08:40:10 INFO  Canceling debug proxy for [quickcheck.QuickCheckSuite()]
2023.12.05 08:40:10 INFO  Closing debug server tcp://0.0.0.0:54930
2023.12.05 08:44:03 INFO  compiling quickcheck (1 scala source)
2023.12.05 08:44:04 INFO  time: compiled quickcheck in 1.51s
2023.12.05 08:44:29 INFO  compiling quickcheck (1 scala source)
2023.12.05 08:44:29 INFO  time: compiled quickcheck in 0.62s
2023.12.05 08:48:31 INFO  compiling quickcheck (1 scala source)
2023.12.05 08:48:31 INFO  time: compiled quickcheck in 0.52s
2023.12.05 08:48:33 INFO  compiling quickcheck (1 scala source)
2023.12.05 08:48:33 INFO  time: compiled quickcheck in 0.69s
2023.12.05 08:49:56 INFO  tracing is disabled for protocol dap-server, to enable tracing of incoming and outgoing JSON messages create an empty file at /Users/mingma/quickcheck/.metals/dap-server.trace.json or /Users/mingma/Library/Caches/org.scalameta.metals/dap-server.trace.json
2023.12.05 08:49:56 INFO  tracing is disabled for protocol dap-client, to enable tracing of incoming and outgoing JSON messages create an empty file at /Users/mingma/quickcheck/.metals/dap-client.trace.json or /Users/mingma/Library/Caches/org.scalameta.metals/dap-client.trace.json
2023.12.05 08:49:56 INFO  Starting debug proxy for [quickcheck.QuickCheckSuite()]
2023.12.05 08:49:56 INFO  Trying to attach to remote debuggee VM localhost:54968 .
2023.12.05 08:49:56 INFO  Attaching to debuggee VM succeeded.
2023.12.05 08:49:59 INFO  Canceling debug proxy for [quickcheck.QuickCheckSuite()]
2023.12.05 08:49:59 INFO  Closing debug server tcp://0.0.0.0:54965
2023.12.05 08:57:04 INFO  compiling quickcheck (1 scala source)
2023.12.05 08:57:06 INFO  time: compiled quickcheck in 1.56s
2023.12.05 08:57:15 INFO  compiling quickcheck (1 scala source)
2023.12.05 08:57:16 WARN  Using indexes to guess the definition of Max
2023.12.05 08:57:17 INFO  time: compiled quickcheck in 1.3s
2023.12.05 08:57:20 INFO  compiling quickcheck (1 scala source)
2023.12.05 08:57:20 INFO  time: compiled quickcheck in 0.56s
Dec. 05, 2023 8:57:23 AM scala.meta.internal.pc.CompilerAccess handleError
SEVERE: A severe compiler error occurred, full details of the error can be found in the error report /Users/mingma/quickcheck/.metals/.reports/metals-full/2023-12-05/r_compiler-error_(quickcheck-build-build)_08-57-23-372.md
2023.12.05 08:57:45 INFO  compiling quickcheck (1 scala source)
2023.12.05 08:57:45 INFO  time: compiled quickcheck in 0.46s
2023.12.05 08:59:27 INFO  compiling quickcheck (1 scala source)
2023.12.05 08:59:27 INFO  time: compiled quickcheck in 0.55s
2023.12.05 08:59:33 INFO  compiling quickcheck (1 scala source)
2023.12.05 08:59:33 INFO  Deduplicating compilation of quickcheck from bsp client 'Metals 1.1.0' (since 24m 45.31s)
2023.12.05 08:59:33 INFO  compiling quickcheck (1 scala source)
2023.12.05 08:59:33 INFO  time: compiled quickcheck in 0.78s
2023.12.05 08:59:33 INFO  Deduplicating compilation of quickcheck from bsp client 'Metals 1.1.0' (since 24m 46.205s)
2023.12.05 08:59:33 INFO  compiling quickcheck (1 scala source)
2023.12.05 08:59:33 INFO  compiling quickcheck (1 scala source)
2023.12.05 08:59:34 INFO  time: compiled quickcheck in 0.7s
2023.12.05 08:59:50 INFO  compiling quickcheck (1 scala source)
2023.12.05 08:59:50 INFO  time: compiled quickcheck in 0.46s
2023.12.05 08:59:50 INFO  compiling quickcheck (1 scala source)
2023.12.05 08:59:51 INFO  time: compiled quickcheck in 0.6s
2023.12.05 09:00:19 INFO  compiling quickcheck (1 scala source)
2023.12.05 09:00:19 INFO  time: compiled quickcheck in 0.43s
2023.12.05 09:00:20 WARN  Could not load snapshot text for /Users/mingma/quickcheck/src/main/scala/quickcheck/HeapProperties.scala
2023.12.05 09:00:38 WARN  Could not load snapshot text for /Users/mingma/quickcheck/src/main/scala/quickcheck/HeapProperties.scala
2023.12.05 09:00:39 WARN  Could not load snapshot text for /Users/mingma/quickcheck/src/main/scala/quickcheck/HeapProperties.scala
2023.12.05 09:00:40 WARN  Could not load snapshot text for /Users/mingma/quickcheck/src/main/scala/quickcheck/HeapProperties.scala
2023.12.05 09:00:43 WARN  Could not load snapshot text for /Users/mingma/quickcheck/src/main/scala/quickcheck/HeapProperties.scala
2023.12.05 09:00:45 WARN  Could not load snapshot text for /Users/mingma/quickcheck/src/main/scala/quickcheck/HeapProperties.scala
2023.12.05 09:00:48 WARN  Could not load snapshot text for /Users/mingma/quickcheck/src/main/scala/quickcheck/HeapProperties.scala
2023.12.05 09:00:51 WARN  Could not load snapshot text for /Users/mingma/quickcheck/src/main/scala/quickcheck/HeapProperties.scala
2023.12.05 09:00:52 WARN  Could not load snapshot text for /Users/mingma/quickcheck/src/main/scala/quickcheck/HeapProperties.scala
2023.12.05 09:00:54 WARN  Could not load snapshot text for /Users/mingma/quickcheck/src/main/scala/quickcheck/HeapProperties.scala
2023.12.05 09:00:55 WARN  Could not load snapshot text for /Users/mingma/quickcheck/src/main/scala/quickcheck/HeapProperties.scala
2023.12.05 09:00:55 WARN  Could not load snapshot text for /Users/mingma/quickcheck/src/main/scala/quickcheck/HeapProperties.scala
2023.12.05 09:00:58 WARN  Could not load snapshot text for /Users/mingma/quickcheck/src/main/scala/quickcheck/HeapProperties.scala
2023.12.05 09:00:58 WARN  Could not load snapshot text for /Users/mingma/quickcheck/src/main/scala/quickcheck/HeapProperties.scala
2023.12.05 09:01:00 WARN  Could not load snapshot text for /Users/mingma/quickcheck/src/main/scala/quickcheck/HeapProperties.scala
2023.12.05 09:01:05 WARN  Could not load snapshot text for /Users/mingma/quickcheck/src/main/scala/quickcheck/HeapProperties.scala
2023.12.05 09:01:06 WARN  Could not load snapshot text for /Users/mingma/quickcheck/src/main/scala/quickcheck/HeapProperties.scala
2023.12.05 09:01:07 WARN  Could not load snapshot text for /Users/mingma/quickcheck/src/main/scala/quickcheck/HeapProperties.scala
2023.12.05 09:01:13 WARN  Could not load snapshot text for /Users/mingma/quickcheck/src/main/scala/quickcheck/HeapProperties.scala
2023.12.05 09:01:15 WARN  Could not load snapshot text for /Users/mingma/quickcheck/src/main/scala/quickcheck/HeapProperties.scala
2023.12.05 09:01:16 WARN  Could not load snapshot text for /Users/mingma/quickcheck/src/main/scala/quickcheck/HeapProperties.scala
2023.12.05 09:01:17 WARN  Could not load snapshot text for /Users/mingma/quickcheck/src/main/scala/quickcheck/HeapProperties.scala
2023.12.05 09:01:19 WARN  Could not load snapshot text for /Users/mingma/quickcheck/src/main/scala/quickcheck/HeapProperties.scala
2023.12.05 09:01:20 WARN  Could not load snapshot text for /Users/mingma/quickcheck/src/main/scala/quickcheck/HeapProperties.scala
2023.12.05 09:01:21 WARN  Could not load snapshot text for /Users/mingma/quickcheck/src/main/scala/quickcheck/HeapProperties.scala
2023.12.05 09:01:23 WARN  Could not load snapshot text for /Users/mingma/quickcheck/src/main/scala/quickcheck/HeapProperties.scala
2023.12.05 09:01:24 WARN  Could not load snapshot text for /Users/mingma/quickcheck/src/main/scala/quickcheck/HeapProperties.scala
2023.12.05 09:01:25 INFO  compiling quickcheck (1 scala source)
2023.12.05 09:01:25 INFO  time: compiled quickcheck in 0.45s
2023.12.05 09:02:16 INFO  tracing is disabled for protocol dap-server, to enable tracing of incoming and outgoing JSON messages create an empty file at /Users/mingma/quickcheck/.metals/dap-server.trace.json or /Users/mingma/Library/Caches/org.scalameta.metals/dap-server.trace.json
2023.12.05 09:02:16 INFO  tracing is disabled for protocol dap-client, to enable tracing of incoming and outgoing JSON messages create an empty file at /Users/mingma/quickcheck/.metals/dap-client.trace.json or /Users/mingma/Library/Caches/org.scalameta.metals/dap-client.trace.json
2023.12.05 09:02:16 INFO  Starting debug proxy for [quickcheck.QuickCheckSuite()]
2023.12.05 09:02:16 INFO  Trying to attach to remote debuggee VM localhost:55014 .
2023.12.05 09:02:16 INFO  Attaching to debuggee VM succeeded.
2023.12.05 09:02:17 INFO  Canceling debug proxy for [quickcheck.QuickCheckSuite()]
2023.12.05 09:02:17 INFO  Closing debug server tcp://0.0.0.0:55009
2023.12.05 09:03:40 INFO  compiling quickcheck (1 scala source)
2023.12.05 09:03:40 INFO  time: compiled quickcheck in 0.56s
2023.12.05 09:04:07 INFO  tracing is disabled for protocol dap-server, to enable tracing of incoming and outgoing JSON messages create an empty file at /Users/mingma/quickcheck/.metals/dap-server.trace.json or /Users/mingma/Library/Caches/org.scalameta.metals/dap-server.trace.json
2023.12.05 09:04:07 INFO  tracing is disabled for protocol dap-client, to enable tracing of incoming and outgoing JSON messages create an empty file at /Users/mingma/quickcheck/.metals/dap-client.trace.json or /Users/mingma/Library/Caches/org.scalameta.metals/dap-client.trace.json
2023.12.05 09:04:08 INFO  Starting debug proxy for [quickcheck.QuickCheckSuite()]
2023.12.05 09:04:08 INFO  Trying to attach to remote debuggee VM localhost:55026 .
2023.12.05 09:04:08 INFO  Attaching to debuggee VM succeeded.
2023.12.05 09:04:09 INFO  Canceling debug proxy for [quickcheck.QuickCheckSuite()]
2023.12.05 09:04:09 INFO  Closing debug server tcp://0.0.0.0:55023
2023.12.05 09:05:05 INFO  compiling quickcheck (1 scala source)
2023.12.05 09:05:05 INFO  time: compiled quickcheck in 0.54s
2023.12.05 09:05:23 INFO  tracing is disabled for protocol dap-server, to enable tracing of incoming and outgoing JSON messages create an empty file at /Users/mingma/quickcheck/.metals/dap-server.trace.json or /Users/mingma/Library/Caches/org.scalameta.metals/dap-server.trace.json
2023.12.05 09:05:23 INFO  tracing is disabled for protocol dap-client, to enable tracing of incoming and outgoing JSON messages create an empty file at /Users/mingma/quickcheck/.metals/dap-client.trace.json or /Users/mingma/Library/Caches/org.scalameta.metals/dap-client.trace.json
2023.12.05 09:05:23 INFO  Starting debug proxy for [quickcheck.QuickCheckSuite()]
2023.12.05 09:05:23 INFO  Trying to attach to remote debuggee VM localhost:55046 .
2023.12.05 09:05:23 INFO  Attaching to debuggee VM succeeded.
2023.12.05 09:05:25 INFO  Canceling debug proxy for [quickcheck.QuickCheckSuite()]
2023.12.05 09:05:25 INFO  Closing debug server tcp://0.0.0.0:55042
2023.12.05 09:06:11 INFO  compiling quickcheck (1 scala source)
2023.12.05 09:06:11 INFO  time: compiled quickcheck in 0.53s
2023.12.05 09:06:13 INFO  tracing is disabled for protocol dap-server, to enable tracing of incoming and outgoing JSON messages create an empty file at /Users/mingma/quickcheck/.metals/dap-server.trace.json or /Users/mingma/Library/Caches/org.scalameta.metals/dap-server.trace.json
2023.12.05 09:06:13 INFO  tracing is disabled for protocol dap-client, to enable tracing of incoming and outgoing JSON messages create an empty file at /Users/mingma/quickcheck/.metals/dap-client.trace.json or /Users/mingma/Library/Caches/org.scalameta.metals/dap-client.trace.json
2023.12.05 09:06:13 INFO  Starting debug proxy for [quickcheck.QuickCheckSuite(Bogus \(1\) binomial heap does not satisfy properties\. \(10pts\))]
2023.12.05 09:06:13 INFO  Trying to attach to remote debuggee VM localhost:55060 .
2023.12.05 09:06:13 INFO  Attaching to debuggee VM succeeded.
2023.12.05 09:06:15 INFO  Canceling debug proxy for [quickcheck.QuickCheckSuite(Bogus \(1\) binomial heap does not satisfy properties\. \(10pts\))]
2023.12.05 09:06:15 INFO  Closing debug server tcp://0.0.0.0:55056
2023.12.05 09:06:20 INFO  tracing is disabled for protocol dap-server, to enable tracing of incoming and outgoing JSON messages create an empty file at /Users/mingma/quickcheck/.metals/dap-server.trace.json or /Users/mingma/Library/Caches/org.scalameta.metals/dap-server.trace.json
2023.12.05 09:06:20 INFO  tracing is disabled for protocol dap-client, to enable tracing of incoming and outgoing JSON messages create an empty file at /Users/mingma/quickcheck/.metals/dap-client.trace.json or /Users/mingma/Library/Caches/org.scalameta.metals/dap-client.trace.json
2023.12.05 09:06:20 INFO  Starting debug proxy for [quickcheck.QuickCheckSuite(Bogus \(1\) binomial heap does not satisfy properties\. \(10pts\))]
2023.12.05 09:06:20 INFO  Trying to attach to remote debuggee VM localhost:55071 .
2023.12.05 09:06:20 INFO  Attaching to debuggee VM succeeded.
2023.12.05 09:06:22 INFO  Canceling debug proxy for [quickcheck.QuickCheckSuite(Bogus \(1\) binomial heap does not satisfy properties\. \(10pts\))]
2023.12.05 09:06:22 INFO  Closing debug server tcp://0.0.0.0:55067
2023.12.05 09:06:30 INFO  tracing is disabled for protocol dap-server, to enable tracing of incoming and outgoing JSON messages create an empty file at /Users/mingma/quickcheck/.metals/dap-server.trace.json or /Users/mingma/Library/Caches/org.scalameta.metals/dap-server.trace.json
2023.12.05 09:06:30 INFO  tracing is disabled for protocol dap-client, to enable tracing of incoming and outgoing JSON messages create an empty file at /Users/mingma/quickcheck/.metals/dap-client.trace.json or /Users/mingma/Library/Caches/org.scalameta.metals/dap-client.trace.json
2023.12.05 09:06:31 INFO  Starting debug proxy for [quickcheck.QuickCheckSuite()]
2023.12.05 09:06:31 INFO  Trying to attach to remote debuggee VM localhost:55081 .
2023.12.05 09:06:31 INFO  Attaching to debuggee VM succeeded.
2023.12.05 09:06:32 INFO  Canceling debug proxy for [quickcheck.QuickCheckSuite()]
2023.12.05 09:06:32 INFO  Closing debug server tcp://0.0.0.0:55078
2023.12.05 09:08:38 INFO  compiling quickcheck (1 scala source)
2023.12.05 09:08:39 INFO  time: compiled quickcheck in 1.34s
2023.12.05 09:08:41 INFO  tracing is disabled for protocol dap-server, to enable tracing of incoming and outgoing JSON messages create an empty file at /Users/mingma/quickcheck/.metals/dap-server.trace.json or /Users/mingma/Library/Caches/org.scalameta.metals/dap-server.trace.json
2023.12.05 09:08:41 INFO  tracing is disabled for protocol dap-client, to enable tracing of incoming and outgoing JSON messages create an empty file at /Users/mingma/quickcheck/.metals/dap-client.trace.json or /Users/mingma/Library/Caches/org.scalameta.metals/dap-client.trace.json
2023.12.05 09:08:42 INFO  Starting debug proxy for [quickcheck.QuickCheckSuite()]
2023.12.05 09:08:42 INFO  Trying to attach to remote debuggee VM localhost:55096 .
2023.12.05 09:08:42 INFO  Attaching to debuggee VM succeeded.
2023.12.05 09:08:43 INFO  Canceling debug proxy for [quickcheck.QuickCheckSuite()]
2023.12.05 09:08:43 INFO  Closing debug server tcp://0.0.0.0:55092
2023.12.05 09:26:30 INFO  compiling quickcheck (1 scala source)
2023.12.05 09:26:31 INFO  time: compiled quickcheck in 1.29s
2023.12.05 09:27:28 INFO  compiling quickcheck (1 scala source)
2023.12.05 09:27:28 INFO  time: compiled quickcheck in 0.87s
2023.12.05 09:29:06 INFO  compiling quickcheck (1 scala source)
2023.12.05 09:29:06 INFO  time: compiled quickcheck in 0.72s
2023.12.05 09:29:25 INFO  compiling quickcheck (1 scala source)
2023.12.05 09:29:25 INFO  time: compiled quickcheck in 0.49s
2023.12.05 09:30:31 INFO  compiling quickcheck (1 scala source)
2023.12.05 09:30:31 INFO  time: compiled quickcheck in 0.52s
Dec. 05, 2023 9:37:46 AM org.eclipse.lsp4j.jsonrpc.RemoteEndpoint handleCancellation
WARNING: Unmatched cancel notification for request id 3033
2023.12.05 09:37:57 INFO  compiling quickcheck (1 scala source)
2023.12.05 09:37:57 INFO  time: compiled quickcheck in 0.24s
2023.12.05 09:39:39 INFO  compiling quickcheck (1 scala source)
2023.12.05 09:39:39 INFO  time: compiled quickcheck in 0.44s
2023.12.05 09:40:19 INFO  compiling quickcheck (1 scala source)
2023.12.05 09:40:19 INFO  time: compiled quickcheck in 0.45s
2023.12.05 09:40:19 INFO  compiling quickcheck (1 scala source)
2023.12.05 09:40:19 INFO  time: compiled quickcheck in 0.39s
Exception in thread "pool-4-thread-1" java.lang.InterruptedException
	at scala.meta.internal.metals.FutureCancelToken.checkCanceled(FutureCancelToken.scala:29)
	at scala.meta.internal.pc.CompilerAccess.onCompilerJobQueue$$anonfun$1(CompilerAccess.scala:230)
	at scala.meta.internal.pc.CompilerJobQueue$Job.run(CompilerJobQueue.scala:152)
	at java.base/java.util.concurrent.ThreadPoolExecutor.runWorker(ThreadPoolExecutor.java:1128)
	at java.base/java.util.concurrent.ThreadPoolExecutor$Worker.run(ThreadPoolExecutor.java:628)
	at java.base/java.lang.Thread.run(Thread.java:834)
2023.12.05 09:40:45 INFO  compiling quickcheck (1 scala source)
2023.12.05 09:40:45 INFO  time: compiled quickcheck in 0.34s
2023.12.05 09:41:23 INFO  compiling quickcheck (1 scala source)
2023.12.05 09:41:23 INFO  time: compiled quickcheck in 0.27s
2023.12.05 09:41:54 INFO  compiling quickcheck (1 scala source)
2023.12.05 09:41:54 INFO  time: compiled quickcheck in 0.24s
Dec. 05, 2023 9:41:54 AM org.eclipse.lsp4j.jsonrpc.RemoteEndpoint fallbackResponseError
SEVERE: Internal error: scala.meta.internal.metals.debug.DebugProvider$WorkspaceErrorsException$: Cannot run class, since the workspace has errors.
java.util.concurrent.CompletionException: scala.meta.internal.metals.debug.DebugProvider$WorkspaceErrorsException$: Cannot run class, since the workspace has errors.
	at java.base/java.util.concurrent.CompletableFuture.encodeThrowable(CompletableFuture.java:331)
	at java.base/java.util.concurrent.CompletableFuture.completeThrowable(CompletableFuture.java:346)
	at java.base/java.util.concurrent.CompletableFuture$UniAccept.tryFire(CompletableFuture.java:704)
	at java.base/java.util.concurrent.CompletableFuture.postComplete(CompletableFuture.java:506)
	at java.base/java.util.concurrent.CompletableFuture.completeExceptionally(CompletableFuture.java:2088)
	at scala.concurrent.java8.FuturesConvertersImpl$CF.apply(FutureConvertersImpl.scala:29)
	at scala.concurrent.java8.FuturesConvertersImpl$CF.apply(FutureConvertersImpl.scala:26)
	at scala.concurrent.impl.Promise$Transformation.run(Promise.scala:484)
	at scala.concurrent.ExecutionContext$parasitic$.execute(ExecutionContext.scala:222)
	at scala.concurrent.impl.Promise$Transformation.submitWithValue(Promise.scala:429)
	at scala.concurrent.impl.Promise$DefaultPromise.submitWithValue(Promise.scala:338)
	at scala.concurrent.impl.Promise$DefaultPromise.tryComplete0(Promise.scala:285)
	at scala.concurrent.impl.Promise$Transformation.run(Promise.scala:504)
	at java.base/java.util.concurrent.ThreadPoolExecutor.runWorker(ThreadPoolExecutor.java:1128)
	at java.base/java.util.concurrent.ThreadPoolExecutor$Worker.run(ThreadPoolExecutor.java:628)
	at java.base/java.lang.Thread.run(Thread.java:834)
Caused by: scala.meta.internal.metals.debug.DebugProvider$WorkspaceErrorsException$: Cannot run class, since the workspace has errors.
	at scala.meta.internal.metals.debug.DebugProvider$WorkspaceErrorsException$.<clinit>(DebugProvider.scala:925)
	at scala.meta.internal.metals.debug.DebugProvider.ensureNoWorkspaceErrors(DebugProvider.scala:387)
	at scala.meta.internal.metals.debug.DebugProvider.$anonfun$startTestSuite$4(DebugProvider.scala:674)
	at scala.concurrent.impl.Promise$Transformation.run(Promise.scala:470)
	... 3 more

2023.12.05 09:42:16 INFO  compiling quickcheck (1 scala source)
2023.12.05 09:42:16 INFO  time: compiled quickcheck in 0.5s
2023.12.05 09:42:20 INFO  tracing is disabled for protocol dap-server, to enable tracing of incoming and outgoing JSON messages create an empty file at /Users/mingma/quickcheck/.metals/dap-server.trace.json or /Users/mingma/Library/Caches/org.scalameta.metals/dap-server.trace.json
2023.12.05 09:42:20 INFO  tracing is disabled for protocol dap-client, to enable tracing of incoming and outgoing JSON messages create an empty file at /Users/mingma/quickcheck/.metals/dap-client.trace.json or /Users/mingma/Library/Caches/org.scalameta.metals/dap-client.trace.json
2023.12.05 09:42:20 INFO  Starting debug proxy for [quickcheck.QuickCheckSuite()]
2023.12.05 09:42:20 INFO  Trying to attach to remote debuggee VM localhost:55141 .
2023.12.05 09:42:20 INFO  Attaching to debuggee VM succeeded.
2023.12.05 09:42:22 INFO  Canceling debug proxy for [quickcheck.QuickCheckSuite()]
2023.12.05 09:42:22 INFO  Closing debug server tcp://0.0.0.0:55136
2023.12.05 09:44:55 INFO  compiling quickcheck (1 scala source)
2023.12.05 09:44:55 INFO  time: compiled quickcheck in 0.35s
2023.12.05 09:44:57 INFO  tracing is disabled for protocol dap-server, to enable tracing of incoming and outgoing JSON messages create an empty file at /Users/mingma/quickcheck/.metals/dap-server.trace.json or /Users/mingma/Library/Caches/org.scalameta.metals/dap-server.trace.json
2023.12.05 09:44:57 INFO  tracing is disabled for protocol dap-client, to enable tracing of incoming and outgoing JSON messages create an empty file at /Users/mingma/quickcheck/.metals/dap-client.trace.json or /Users/mingma/Library/Caches/org.scalameta.metals/dap-client.trace.json
2023.12.05 09:44:57 INFO  Starting debug proxy for [quickcheck.QuickCheckSuite(Bogus \(1\) binomial heap does not satisfy properties\. \(10pts\))]
2023.12.05 09:44:57 INFO  Trying to attach to remote debuggee VM localhost:55154 .
2023.12.05 09:44:57 INFO  Attaching to debuggee VM succeeded.
2023.12.05 09:45:04 INFO  Canceling debug proxy for [quickcheck.QuickCheckSuite(Bogus \(1\) binomial heap does not satisfy properties\. \(10pts\))]
2023.12.05 09:45:04 INFO  Closing debug server tcp://0.0.0.0:55150
2023.12.05 09:45:10 INFO  tracing is disabled for protocol dap-server, to enable tracing of incoming and outgoing JSON messages create an empty file at /Users/mingma/quickcheck/.metals/dap-server.trace.json or /Users/mingma/Library/Caches/org.scalameta.metals/dap-server.trace.json
2023.12.05 09:45:10 INFO  tracing is disabled for protocol dap-client, to enable tracing of incoming and outgoing JSON messages create an empty file at /Users/mingma/quickcheck/.metals/dap-client.trace.json or /Users/mingma/Library/Caches/org.scalameta.metals/dap-client.trace.json
2023.12.05 09:45:10 INFO  Starting debug proxy for [quickcheck.QuickCheckSuite()]
2023.12.05 09:45:10 INFO  Trying to attach to remote debuggee VM localhost:55165 .
2023.12.05 09:45:10 INFO  Attaching to debuggee VM succeeded.
2023.12.05 09:45:17 INFO  Canceling debug proxy for [quickcheck.QuickCheckSuite()]
2023.12.05 09:45:17 INFO  Closing debug server tcp://0.0.0.0:55161
2023.12.05 09:45:34 INFO  compiling quickcheck (1 scala source)
2023.12.05 09:45:34 INFO  time: compiled quickcheck in 0.37s
2023.12.05 09:45:36 INFO  tracing is disabled for protocol dap-server, to enable tracing of incoming and outgoing JSON messages create an empty file at /Users/mingma/quickcheck/.metals/dap-server.trace.json or /Users/mingma/Library/Caches/org.scalameta.metals/dap-server.trace.json
2023.12.05 09:45:36 INFO  tracing is disabled for protocol dap-client, to enable tracing of incoming and outgoing JSON messages create an empty file at /Users/mingma/quickcheck/.metals/dap-client.trace.json or /Users/mingma/Library/Caches/org.scalameta.metals/dap-client.trace.json
2023.12.05 09:45:36 INFO  Starting debug proxy for [quickcheck.QuickCheckSuite()]
2023.12.05 09:45:36 INFO  Trying to attach to remote debuggee VM localhost:55181 .
2023.12.05 09:45:36 INFO  Attaching to debuggee VM succeeded.
2023.12.05 09:45:38 INFO  Canceling debug proxy for [quickcheck.QuickCheckSuite()]
2023.12.05 09:45:38 INFO  Closing debug server tcp://0.0.0.0:55177
2023.12.05 09:45:46 INFO  compiling quickcheck (1 scala source)
2023.12.05 09:45:46 INFO  time: compiled quickcheck in 0.33s
2023.12.05 09:45:46 INFO  tracing is disabled for protocol dap-server, to enable tracing of incoming and outgoing JSON messages create an empty file at /Users/mingma/quickcheck/.metals/dap-server.trace.json or /Users/mingma/Library/Caches/org.scalameta.metals/dap-server.trace.json
2023.12.05 09:45:46 INFO  tracing is disabled for protocol dap-client, to enable tracing of incoming and outgoing JSON messages create an empty file at /Users/mingma/quickcheck/.metals/dap-client.trace.json or /Users/mingma/Library/Caches/org.scalameta.metals/dap-client.trace.json
2023.12.05 09:45:47 INFO  Starting debug proxy for [quickcheck.QuickCheckSuite()]
2023.12.05 09:45:46 INFO  Trying to attach to remote debuggee VM localhost:55195 .
2023.12.05 09:45:46 INFO  Attaching to debuggee VM succeeded.
2023.12.05 09:45:54 INFO  Canceling debug proxy for [quickcheck.QuickCheckSuite()]
2023.12.05 09:45:54 INFO  Closing debug server tcp://0.0.0.0:55191
2023.12.05 09:46:08 INFO  compiling quickcheck (1 scala source)
2023.12.05 09:46:08 INFO  time: compiled quickcheck in 0.41s
